{"/home/r4k4210/_dev/_personal-projects/react-dapp-web3/src/env.ts": {"path":"/home/r4k4210/_dev/_personal-projects/react-dapp-web3/src/env.ts","statementMap":{"0":{"start":{"line":1,"column":13},"end":{"line":1,"column":57}}},"fnMap":{},"branchMap":{},"s":{"0":1},"f":{},"b":{}}
,"/home/r4k4210/_dev/_personal-projects/react-dapp-web3/src/context/Web3Context.tsx": {"path":"/home/r4k4210/_dev/_personal-projects/react-dapp-web3/src/context/Web3Context.tsx","statementMap":{"0":{"start":{"line":1,"column":0},"end":{"line":1,"column":71}},"1":{"start":{"line":3,"column":0},"end":{"line":3,"column":52}},"2":{"start":{"line":11,"column":35},"end":{"line":17,"column":2}},"3":{"start":{"line":19,"column":13},"end":{"line":25,"column":3}},"4":{"start":{"line":24,"column":20},"end":{"line":24,"column":null}},"5":{"start":{"line":27,"column":20},"end":{"line":60,"column":1}},"6":{"start":{"line":31,"column":8},"end":{"line":31,"column":15}},"7":{"start":{"line":30,"column":23},"end":{"line":30,"column":25}},"8":{"start":{"line":30,"column":33},"end":{"line":30,"column":35}},"9":{"start":{"line":30,"column":48},"end":{"line":30,"column":50}},"10":{"start":{"line":30,"column":57},"end":{"line":30,"column":59}},"11":{"start":{"line":30,"column":76},"end":{"line":30,"column":78}},"12":{"start":{"line":33,"column":4},"end":{"line":59,"column":null}},"13":{"start":{"line":35,"column":12},"end":{"line":41,"column":null}},"14":{"start":{"line":44,"column":12},"end":{"line":46,"column":null}},"15":{"start":{"line":49,"column":12},"end":{"line":51,"column":null}},"16":{"start":{"line":54,"column":12},"end":{"line":54,"column":32}},"17":{"start":{"line":56,"column":12},"end":{"line":56,"column":32}},"18":{"start":{"line":58,"column":12},"end":{"line":58,"column":25}},"19":{"start":{"line":62,"column":35},"end":{"line":66,"column":1}},"20":{"start":{"line":62,"column":46},"end":{"line":62,"column":73}},"21":{"start":{"line":63,"column":30},"end":{"line":63,"column":67}},"22":{"start":{"line":63,"column":16},"end":{"line":63,"column":18}},"23":{"start":{"line":63,"column":26},"end":{"line":63,"column":30}},"24":{"start":{"line":65,"column":4},"end":{"line":65,"column":95}},"25":{"start":{"line":62,"column":13},"end":{"line":62,"column":35}}},"fnMap":{"0":{"name":"(anonymous_2)","decl":{"start":{"line":24,"column":14},"end":{"line":24,"column":20}},"loc":{"start":{"line":24,"column":14},"end":{"line":24,"column":24}}},"1":{"name":"(anonymous_3)","decl":{"start":{"line":27,"column":20},"end":{"line":27,"column":21}},"loc":{"start":{"line":27,"column":57},"end":{"line":60,"column":1}}},"2":{"name":"(anonymous_4)","decl":{"start":{"line":62,"column":35},"end":{"line":62,"column":36}},"loc":{"start":{"line":62,"column":73},"end":{"line":66,"column":1}}}},"branchMap":{"0":{"loc":{"start":{"line":33,"column":4},"end":{"line":59,"column":null}},"type":"switch","locations":[{"start":{"line":34,"column":8},"end":{"line":41,"column":null}},{"start":{"line":43,"column":8},"end":{"line":46,"column":null}},{"start":{"line":48,"column":8},"end":{"line":51,"column":null}},{"start":{"line":53,"column":8},"end":{"line":54,"column":32}},{"start":{"line":55,"column":8},"end":{"line":56,"column":32}},{"start":{"line":57,"column":8},"end":{"line":58,"column":25}}]}},"s":{"0":1,"1":1,"2":1,"3":1,"4":0,"5":1,"6":8,"7":4,"8":4,"9":4,"10":4,"11":4,"12":4,"13":4,"14":0,"15":0,"16":0,"17":0,"18":0,"19":1,"20":6,"21":6,"22":6,"23":6,"24":6,"25":1},"f":{"0":0,"1":4,"2":6},"b":{"0":[4,0,0,0,0,0]}}
,"/home/r4k4210/_dev/_personal-projects/react-dapp-web3/src/enum/enums.ts": {"path":"/home/r4k4210/_dev/_personal-projects/react-dapp-web3/src/enum/enums.ts","statementMap":{"0":{"start":{"line":1,"column":0},"end":{"line":1,"column":null}},"1":{"start":{"line":2,"column":4},"end":{"line":2,"column":null}},"2":{"start":{"line":3,"column":4},"end":{"line":3,"column":null}},"3":{"start":{"line":4,"column":4},"end":{"line":4,"column":null}},"4":{"start":{"line":5,"column":4},"end":{"line":5,"column":null}},"5":{"start":{"line":6,"column":4},"end":{"line":6,"column":null}},"6":{"start":{"line":9,"column":13},"end":{"line":9,"column":24}},"7":{"start":{"line":11,"column":0},"end":{"line":11,"column":null}},"8":{"start":{"line":12,"column":4},"end":{"line":12,"column":null}},"9":{"start":{"line":13,"column":4},"end":{"line":13,"column":null}},"10":{"start":{"line":14,"column":4},"end":{"line":14,"column":null}},"11":{"start":{"line":17,"column":0},"end":{"line":17,"column":null}},"12":{"start":{"line":18,"column":4},"end":{"line":18,"column":null}},"13":{"start":{"line":19,"column":4},"end":{"line":19,"column":null}},"14":{"start":{"line":20,"column":4},"end":{"line":20,"column":null}}},"fnMap":{"0":{"name":"(anonymous_0)","decl":{"start":{"line":1,"column":0},"end":{"line":1,"column":12}},"loc":{"start":{"line":1,"column":24},"end":{"line":7,"column":1}}},"1":{"name":"(anonymous_1)","decl":{"start":{"line":11,"column":0},"end":{"line":11,"column":12}},"loc":{"start":{"line":11,"column":27},"end":{"line":15,"column":1}}},"2":{"name":"(anonymous_2)","decl":{"start":{"line":17,"column":0},"end":{"line":17,"column":12}},"loc":{"start":{"line":17,"column":19},"end":{"line":21,"column":1}}}},"branchMap":{"0":{"loc":{"start":{"line":1,"column":12},"end":{"line":1,"column":null}},"type":"binary-expr","locations":[{"start":{"line":1,"column":12},"end":{"line":1,"column":24}},{"start":{"line":1,"column":12},"end":{"line":1,"column":null}}]},"1":{"loc":{"start":{"line":11,"column":12},"end":{"line":11,"column":null}},"type":"binary-expr","locations":[{"start":{"line":11,"column":12},"end":{"line":11,"column":27}},{"start":{"line":11,"column":12},"end":{"line":11,"column":null}}]},"2":{"loc":{"start":{"line":17,"column":12},"end":{"line":17,"column":null}},"type":"binary-expr","locations":[{"start":{"line":17,"column":12},"end":{"line":17,"column":19}},{"start":{"line":17,"column":12},"end":{"line":17,"column":null}}]}},"s":{"0":1,"1":1,"2":1,"3":1,"4":1,"5":1,"6":1,"7":1,"8":1,"9":1,"10":1,"11":1,"12":1,"13":1,"14":1},"f":{"0":1,"1":1,"2":1},"b":{"0":[1,1],"1":[1,1],"2":[1,1]}}
,"/home/r4k4210/_dev/_personal-projects/react-dapp-web3/src/hoc/index.ts": {"path":"/home/r4k4210/_dev/_personal-projects/react-dapp-web3/src/hoc/index.ts","statementMap":{"0":{"start":{"line":1,"column":0},"end":{"line":1,"column":9}},"1":{"start":{"line":1,"column":9},"end":{"line":1,"column":37}}},"fnMap":{"0":{"name":"(anonymous_1)","decl":{"start":{"line":1,"column":9},"end":{"line":1,"column":16}},"loc":{"start":{"line":1,"column":9},"end":{"line":1,"column":37}}}},"branchMap":{},"s":{"0":1,"1":2},"f":{"0":1},"b":{}}
,"/home/r4k4210/_dev/_personal-projects/react-dapp-web3/src/hoc/withWeb3.tsx": {"path":"/home/r4k4210/_dev/_personal-projects/react-dapp-web3/src/hoc/withWeb3.tsx","statementMap":{"0":{"start":{"line":3,"column":0},"end":{"line":3,"column":39}},"1":{"start":{"line":6,"column":4},"end":{"line":7,"column":5}},"2":{"start":{"line":7,"column":4},"end":{"line":31,"column":6}},"3":{"start":{"line":9,"column":12},"end":{"line":9,"column":21}},"4":{"start":{"line":8,"column":33},"end":{"line":8,"column":35}},"5":{"start":{"line":8,"column":48},"end":{"line":8,"column":50}},"6":{"start":{"line":8,"column":63},"end":{"line":8,"column":65}},"7":{"start":{"line":8,"column":72},"end":{"line":8,"column":74}},"8":{"start":{"line":8,"column":78},"end":{"line":8,"column":80}},"9":{"start":{"line":8,"column":87},"end":{"line":8,"column":89}},"10":{"start":{"line":8,"column":99},"end":{"line":8,"column":101}},"11":{"start":{"line":8,"column":112},"end":{"line":8,"column":null}},"12":{"start":{"line":11,"column":28},"end":{"line":11,"column":96}},"13":{"start":{"line":12,"column":8},"end":{"line":12,"column":66}},"14":{"start":{"line":14,"column":8},"end":{"line":30,"column":10}},"15":{"start":{"line":33,"column":0},"end":{"line":33,"column":24}}},"fnMap":{"0":{"name":"(anonymous_3)","decl":{"start":{"line":6,"column":4},"end":{"line":6,"column":38}},"loc":{"start":{"line":6,"column":72},"end":{"line":7,"column":5}}},"1":{"name":"(anonymous_4)","decl":{"start":{"line":7,"column":4},"end":{"line":7,"column":5}},"loc":{"start":{"line":7,"column":36},"end":{"line":31,"column":5}}}},"branchMap":{"0":{"loc":{"start":{"line":11,"column":28},"end":{"line":11,"column":96}},"type":"binary-expr","locations":[{"start":{"line":11,"column":28},"end":{"line":11,"column":56}},{"start":{"line":11,"column":60},"end":{"line":11,"column":81}},{"start":{"line":11,"column":85},"end":{"line":11,"column":96}}]}},"s":{"0":1,"1":1,"2":1,"3":1,"4":1,"5":1,"6":1,"7":1,"8":1,"9":1,"10":1,"11":1,"12":1,"13":1,"14":1,"15":1},"f":{"0":1,"1":1},"b":{"0":[1,1,0]}}
,"/home/r4k4210/_dev/_personal-projects/react-dapp-web3/src/hooks/index.ts": {"path":"/home/r4k4210/_dev/_personal-projects/react-dapp-web3/src/hooks/index.ts","statementMap":{"0":{"start":{"line":1,"column":0},"end":{"line":1,"column":9}},"1":{"start":{"line":1,"column":9},"end":{"line":1,"column":36}}},"fnMap":{"0":{"name":"(anonymous_1)","decl":{"start":{"line":1,"column":9},"end":{"line":1,"column":16}},"loc":{"start":{"line":1,"column":9},"end":{"line":1,"column":36}}}},"branchMap":{},"s":{"0":1,"1":11},"f":{"0":10},"b":{}}
,"/home/r4k4210/_dev/_personal-projects/react-dapp-web3/src/hooks/useWeb3.ts": {"path":"/home/r4k4210/_dev/_personal-projects/react-dapp-web3/src/hooks/useWeb3.ts","statementMap":{"0":{"start":{"line":1,"column":0},"end":{"line":1,"column":24}},"1":{"start":{"line":2,"column":0},"end":{"line":2,"column":65}},"2":{"start":{"line":3,"column":0},"end":{"line":3,"column":56}},"3":{"start":{"line":4,"column":0},"end":{"line":4,"column":53}},"4":{"start":{"line":5,"column":0},"end":{"line":5,"column":78}},"5":{"start":{"line":6,"column":0},"end":{"line":6,"column":35}},"6":{"start":{"line":9,"column":16},"end":{"line":230,"column":1}},"7":{"start":{"line":10,"column":32},"end":{"line":10,"column":55}},"8":{"start":{"line":10,"column":17},"end":{"line":10,"column":19}},"9":{"start":{"line":10,"column":27},"end":{"line":10,"column":32}},"10":{"start":{"line":11,"column":74},"end":{"line":11,"column":80}},"11":{"start":{"line":12,"column":46},"end":{"line":12,"column":61}},"12":{"start":{"line":12,"column":24},"end":{"line":12,"column":26}},"13":{"start":{"line":12,"column":42},"end":{"line":12,"column":46}},"14":{"start":{"line":14,"column":4},"end":{"line":24,"column":11}},"15":{"start":{"line":15,"column":32},"end":{"line":21,"column":10}},"16":{"start":{"line":16,"column":16},"end":{"line":16,"column":22}},"17":{"start":{"line":17,"column":16},"end":{"line":17,"column":41}},"18":{"start":{"line":18,"column":16},"end":{"line":18,"column":23}},"19":{"start":{"line":20,"column":12},"end":{"line":20,"column":46}},"20":{"start":{"line":23,"column":8},"end":{"line":23,"column":26}},"21":{"start":{"line":29,"column":20},"end":{"line":36,"column":6}},"22":{"start":{"line":30,"column":12},"end":{"line":30,"column":18}},"23":{"start":{"line":31,"column":12},"end":{"line":31,"column":77}},"24":{"start":{"line":32,"column":12},"end":{"line":32,"column":37}},"25":{"start":{"line":33,"column":12},"end":{"line":33,"column":19}},"26":{"start":{"line":35,"column":8},"end":{"line":35,"column":43}},"27":{"start":{"line":42,"column":23},"end":{"line":53,"column":6}},"28":{"start":{"line":43,"column":8},"end":{"line":46,"column":null}},"29":{"start":{"line":44,"column":12},"end":{"line":44,"column":49}},"30":{"start":{"line":45,"column":12},"end":{"line":45,"column":19}},"31":{"start":{"line":48,"column":12},"end":{"line":48,"column":20}},"32":{"start":{"line":49,"column":12},"end":{"line":49,"column":40}},"33":{"start":{"line":52,"column":8},"end":{"line":52,"column":77}},"34":{"start":{"line":60,"column":29},"end":{"line":75,"column":6}},"35":{"start":{"line":61,"column":14},"end":{"line":61,"column":43}},"36":{"start":{"line":62,"column":8},"end":{"line":62,"column":43}},"37":{"start":{"line":63,"column":14},"end":{"line":63,"column":49}},"38":{"start":{"line":64,"column":30},"end":{"line":64,"column":null}},"39":{"start":{"line":64,"column":14},"end":{"line":64,"column":null}},"40":{"start":{"line":65,"column":24},"end":{"line":65,"column":null}},"41":{"start":{"line":65,"column":14},"end":{"line":65,"column":null}},"42":{"start":{"line":67,"column":8},"end":{"line":71,"column":null}},"43":{"start":{"line":68,"column":12},"end":{"line":68,"column":76}},"44":{"start":{"line":69,"column":12},"end":{"line":69,"column":35}},"45":{"start":{"line":70,"column":12},"end":{"line":70,"column":19}},"46":{"start":{"line":73,"column":8},"end":{"line":73,"column":93}},"47":{"start":{"line":74,"column":8},"end":{"line":74,"column":31}},"48":{"start":{"line":81,"column":34},"end":{"line":123,"column":6}},"49":{"start":{"line":81,"column":68},"end":{"line":123,"column":6}},"50":{"start":{"line":82,"column":14},"end":{"line":84,"column":11}},"51":{"start":{"line":86,"column":8},"end":{"line":86,"column":43}},"52":{"start":{"line":87,"column":14},"end":{"line":87,"column":49}},"53":{"start":{"line":88,"column":12},"end":{"line":88,"column":33}},"54":{"start":{"line":89,"column":12},"end":{"line":89,"column":24}},"55":{"start":{"line":90,"column":12},"end":{"line":90,"column":30}},"56":{"start":{"line":92,"column":12},"end":{"line":92,"column":30}},"57":{"start":{"line":94,"column":16},"end":{"line":94,"column":42}},"58":{"start":{"line":95,"column":16},"end":{"line":95,"column":33}},"59":{"start":{"line":97,"column":16},"end":{"line":97,"column":37}},"60":{"start":{"line":101,"column":12},"end":{"line":101,"column":13}},"61":{"start":{"line":103,"column":16},"end":{"line":103,"column":42}},"62":{"start":{"line":104,"column":16},"end":{"line":104,"column":33}},"63":{"start":{"line":106,"column":16},"end":{"line":106,"column":37}},"64":{"start":{"line":110,"column":12},"end":{"line":110,"column":21}},"65":{"start":{"line":111,"column":28},"end":{"line":111,"column":57}},"66":{"start":{"line":111,"column":12},"end":{"line":111,"column":57}},"67":{"start":{"line":112,"column":22},"end":{"line":112,"column":45}},"68":{"start":{"line":112,"column":12},"end":{"line":112,"column":45}},"69":{"start":{"line":115,"column":8},"end":{"line":119,"column":null}},"70":{"start":{"line":116,"column":12},"end":{"line":116,"column":76}},"71":{"start":{"line":117,"column":12},"end":{"line":117,"column":35}},"72":{"start":{"line":118,"column":12},"end":{"line":118,"column":19}},"73":{"start":{"line":121,"column":8},"end":{"line":121,"column":93}},"74":{"start":{"line":122,"column":8},"end":{"line":122,"column":31}},"75":{"start":{"line":130,"column":35},"end":{"line":131,"column":12}},"76":{"start":{"line":131,"column":8},"end":{"line":131,"column":112}},"77":{"start":{"line":138,"column":23},"end":{"line":138,"column":90}},"78":{"start":{"line":138,"column":40},"end":{"line":138,"column":90}},"79":{"start":{"line":138,"column":62},"end":{"line":138,"column":90}},"80":{"start":{"line":145,"column":24},"end":{"line":155,"column":6}},"81":{"start":{"line":145,"column":46},"end":{"line":155,"column":6}},"82":{"start":{"line":146,"column":8},"end":{"line":148,"column":null}},"83":{"start":{"line":147,"column":12},"end":{"line":147,"column":51}},"84":{"start":{"line":149,"column":8},"end":{"line":151,"column":null}},"85":{"start":{"line":150,"column":12},"end":{"line":150,"column":52}},"86":{"start":{"line":153,"column":29},"end":{"line":153,"column":null}},"87":{"start":{"line":153,"column":14},"end":{"line":153,"column":null}},"88":{"start":{"line":154,"column":8},"end":{"line":154,"column":28}},"89":{"start":{"line":162,"column":35},"end":{"line":182,"column":5}},"90":{"start":{"line":163,"column":8},"end":{"line":165,"column":11}},"91":{"start":{"line":164,"column":12},"end":{"line":164,"column":25}},"92":{"start":{"line":167,"column":8},"end":{"line":176,"column":11}},"93":{"start":{"line":167,"column":58},"end":{"line":176,"column":10}},"94":{"start":{"line":168,"column":18},"end":{"line":168,"column":54}},"95":{"start":{"line":169,"column":37},"end":{"line":169,"column":null}},"96":{"start":{"line":169,"column":18},"end":{"line":169,"column":null}},"97":{"start":{"line":170,"column":12},"end":{"line":173,"column":null}},"98":{"start":{"line":171,"column":16},"end":{"line":171,"column":80}},"99":{"start":{"line":172,"column":16},"end":{"line":172,"column":23}},"100":{"start":{"line":175,"column":12},"end":{"line":175,"column":96}},"101":{"start":{"line":178,"column":8},"end":{"line":181,"column":11}},"102":{"start":{"line":179,"column":31},"end":{"line":179,"column":52}},"103":{"start":{"line":180,"column":12},"end":{"line":180,"column":93}},"104":{"start":{"line":189,"column":29},"end":{"line":189,"column":102}},"105":{"start":{"line":189,"column":46},"end":{"line":189,"column":102}},"106":{"start":{"line":189,"column":69},"end":{"line":189,"column":98}},"107":{"start":{"line":189,"column":68},"end":{"line":189,"column":102}},"108":{"start":{"line":196,"column":22},"end":{"line":196,"column":69}},"109":{"start":{"line":196,"column":65},"end":{"line":196,"column":84}},"110":{"start":{"line":207,"column":27},"end":{"line":215,"column":16}},"111":{"start":{"line":215,"column":8},"end":{"line":218,"column":11}},"112":{"start":{"line":220,"column":4},"end":{"line":229,"column":6}},"113":{"start":{"line":232,"column":0},"end":{"line":232,"column":23}}},"fnMap":{"0":{"name":"(anonymous_14)","decl":{"start":{"line":9,"column":16},"end":{"line":9,"column":null}},"loc":{"start":{"line":9,"column":16},"end":{"line":230,"column":1}}},"1":{"name":"(anonymous_15)","decl":{"start":{"line":14,"column":14},"end":{"line":14,"column":null}},"loc":{"start":{"line":14,"column":14},"end":{"line":24,"column":5}}},"2":{"name":"(anonymous_16)","decl":{"start":{"line":15,"column":32},"end":{"line":15,"column":null}},"loc":{"start":{"line":15,"column":32},"end":{"line":21,"column":10}}},"3":{"name":"(anonymous_19)","decl":{"start":{"line":29,"column":20},"end":{"line":29,"column":null}},"loc":{"start":{"line":29,"column":20},"end":{"line":36,"column":6}}},"4":{"name":"(anonymous_22)","decl":{"start":{"line":42,"column":23},"end":{"line":42,"column":null}},"loc":{"start":{"line":42,"column":23},"end":{"line":53,"column":6}}},"5":{"name":"(anonymous_25)","decl":{"start":{"line":60,"column":29},"end":{"line":60,"column":null}},"loc":{"start":{"line":60,"column":29},"end":{"line":75,"column":6}}},"6":{"name":"(anonymous_28)","decl":{"start":{"line":81,"column":34},"end":{"line":81,"column":41}},"loc":{"start":{"line":81,"column":68},"end":{"line":123,"column":6}}},"7":{"name":"(anonymous_29)","decl":{"start":{"line":81,"column":68},"end":{"line":81,"column":null}},"loc":{"start":{"line":81,"column":68},"end":{"line":123,"column":6}}},"8":{"name":"(anonymous_31)","decl":{"start":{"line":130,"column":35},"end":{"line":130,"column":36}},"loc":{"start":{"line":130,"column":46},"end":{"line":131,"column":12}}},"9":{"name":"(anonymous_32)","decl":{"start":{"line":138,"column":23},"end":{"line":138,"column":30}},"loc":{"start":{"line":138,"column":40},"end":{"line":138,"column":90}}},"10":{"name":"(anonymous_33)","decl":{"start":{"line":138,"column":40},"end":{"line":138,"column":62}},"loc":{"start":{"line":138,"column":40},"end":{"line":138,"column":90}}},"11":{"name":"(anonymous_35)","decl":{"start":{"line":145,"column":24},"end":{"line":145,"column":31}},"loc":{"start":{"line":145,"column":46},"end":{"line":155,"column":6}}},"12":{"name":"(anonymous_36)","decl":{"start":{"line":145,"column":46},"end":{"line":145,"column":null}},"loc":{"start":{"line":145,"column":46},"end":{"line":155,"column":6}}},"13":{"name":"(anonymous_38)","decl":{"start":{"line":162,"column":35},"end":{"line":162,"column":36}},"loc":{"start":{"line":162,"column":71},"end":{"line":182,"column":5}}},"14":{"name":"(anonymous_39)","decl":{"start":{"line":163,"column":52},"end":{"line":163,"column":null}},"loc":{"start":{"line":163,"column":52},"end":{"line":165,"column":9}}},"15":{"name":"(anonymous_40)","decl":{"start":{"line":167,"column":58},"end":{"line":167,"column":null}},"loc":{"start":{"line":167,"column":58},"end":{"line":176,"column":10}}},"16":{"name":"(anonymous_43)","decl":{"start":{"line":178,"column":55},"end":{"line":178,"column":56}},"loc":{"start":{"line":178,"column":71},"end":{"line":181,"column":9}}},"17":{"name":"(anonymous_44)","decl":{"start":{"line":189,"column":29},"end":{"line":189,"column":36}},"loc":{"start":{"line":189,"column":46},"end":{"line":189,"column":102}}},"18":{"name":"(anonymous_45)","decl":{"start":{"line":189,"column":46},"end":{"line":189,"column":68}},"loc":{"start":{"line":189,"column":46},"end":{"line":189,"column":102}}},"19":{"name":"(anonymous_47)","decl":{"start":{"line":196,"column":22},"end":{"line":196,"column":23}},"loc":{"start":{"line":196,"column":54},"end":{"line":196,"column":69}}},"20":{"name":"(anonymous_48)","decl":{"start":{"line":207,"column":27},"end":{"line":207,"column":null}},"loc":{"start":{"line":213,"column":34},"end":{"line":215,"column":16}}}},"branchMap":{"0":{"loc":{"start":{"line":20,"column":12},"end":{"line":20,"column":46}},"type":"switch","locations":[{"start":{"line":20,"column":12},"end":{"line":20,"column":46}}]},"1":{"loc":{"start":{"line":16,"column":16},"end":{"line":16,"column":22}},"type":"if","locations":[{"start":{"line":16,"column":16},"end":{"line":16,"column":22}}]},"2":{"loc":{"start":{"line":35,"column":8},"end":{"line":35,"column":43}},"type":"switch","locations":[{"start":{"line":35,"column":8},"end":{"line":35,"column":43}}]},"3":{"loc":{"start":{"line":30,"column":12},"end":{"line":30,"column":18}},"type":"if","locations":[{"start":{"line":30,"column":12},"end":{"line":30,"column":18}}]},"4":{"loc":{"start":{"line":43,"column":8},"end":{"line":46,"column":null}},"type":"if","locations":[{"start":{"line":43,"column":8},"end":{"line":46,"column":null}}]},"5":{"loc":{"start":{"line":48,"column":12},"end":{"line":48,"column":20}},"type":"if","locations":[{"start":{"line":48,"column":12},"end":{"line":48,"column":20}}]},"6":{"loc":{"start":{"line":67,"column":8},"end":{"line":71,"column":null}},"type":"if","locations":[{"start":{"line":67,"column":8},"end":{"line":71,"column":null}}]},"7":{"loc":{"start":{"line":92,"column":12},"end":{"line":92,"column":30}},"type":"if","locations":[{"start":{"line":92,"column":12},"end":{"line":92,"column":30}}]},"8":{"loc":{"start":{"line":92,"column":12},"end":{"line":92,"column":62}},"type":"binary-expr","locations":[{"start":{"line":92,"column":12},"end":{"line":92,"column":30}},{"start":{"line":92,"column":34},"end":{"line":92,"column":62}}]},"9":{"loc":{"start":{"line":101,"column":12},"end":{"line":101,"column":13}},"type":"if","locations":[{"start":{"line":101,"column":12},"end":{"line":101,"column":13}}]},"10":{"loc":{"start":{"line":110,"column":12},"end":{"line":110,"column":21}},"type":"if","locations":[{"start":{"line":110,"column":12},"end":{"line":110,"column":21}}]},"11":{"loc":{"start":{"line":115,"column":8},"end":{"line":119,"column":null}},"type":"if","locations":[{"start":{"line":115,"column":8},"end":{"line":119,"column":null}}]},"12":{"loc":{"start":{"line":131,"column":8},"end":{"line":131,"column":111}},"type":"binary-expr","locations":[{"start":{"line":131,"column":8},"end":{"line":131,"column":28}},{"start":{"line":131,"column":33},"end":{"line":131,"column":58}},{"start":{"line":131,"column":63},"end":{"line":131,"column":111}}]},"13":{"loc":{"start":{"line":138,"column":62},"end":{"line":138,"column":90}},"type":"switch","locations":[{"start":{"line":138,"column":62},"end":{"line":138,"column":90}},{"start":{"line":138,"column":62},"end":{"line":138,"column":90}}]},"14":{"loc":{"start":{"line":146,"column":8},"end":{"line":148,"column":null}},"type":"if","locations":[{"start":{"line":146,"column":8},"end":{"line":148,"column":null}}]},"15":{"loc":{"start":{"line":149,"column":8},"end":{"line":151,"column":null}},"type":"if","locations":[{"start":{"line":149,"column":8},"end":{"line":151,"column":null}}]},"16":{"loc":{"start":{"line":153,"column":35},"end":{"line":153,"column":89}},"type":"cond-expr","locations":[{"start":{"line":153,"column":39},"end":{"line":153,"column":41}},{"start":{"line":153,"column":35},"end":{"line":153,"column":89}}]},"17":{"loc":{"start":{"line":153,"column":35},"end":{"line":153,"column":41}},"type":"binary-expr","locations":[{"start":{"line":153,"column":35},"end":{"line":153,"column":41}},{"start":{"line":153,"column":35},"end":{"line":153,"column":41}}]},"18":{"loc":{"start":{"line":170,"column":12},"end":{"line":173,"column":null}},"type":"if","locations":[{"start":{"line":170,"column":12},"end":{"line":173,"column":null}}]},"19":{"loc":{"start":{"line":189,"column":69},"end":{"line":189,"column":98}},"type":"switch","locations":[{"start":{"line":189,"column":69},"end":{"line":189,"column":98}},{"start":{"line":189,"column":68},"end":{"line":189,"column":102}}]}},"s":{"0":1,"1":1,"2":1,"3":1,"4":1,"5":1,"6":1,"7":11,"8":11,"9":11,"10":55,"11":11,"12":11,"13":11,"14":11,"15":4,"16":2,"17":4,"18":2,"19":0,"20":2,"21":13,"22":2,"23":4,"24":4,"25":2,"26":0,"27":11,"28":0,"29":0,"30":0,"31":0,"32":0,"33":0,"34":15,"35":4,"36":4,"37":4,"38":4,"39":4,"40":4,"41":4,"42":4,"43":0,"44":0,"45":0,"46":4,"47":4,"48":11,"49":0,"50":0,"51":0,"52":0,"53":0,"54":0,"55":0,"56":0,"57":0,"58":0,"59":0,"60":0,"61":0,"62":0,"63":0,"64":0,"65":0,"66":0,"67":0,"68":0,"69":0,"70":0,"71":0,"72":0,"73":0,"74":0,"75":11,"76":0,"77":11,"78":8,"79":8,"80":11,"81":1,"82":1,"83":0,"84":1,"85":0,"86":1,"87":1,"88":1,"89":11,"90":4,"91":0,"92":4,"93":0,"94":0,"95":0,"96":0,"97":0,"98":0,"99":0,"100":0,"101":4,"102":0,"103":0,"104":11,"105":8,"106":4,"107":4,"108":11,"109":4,"110":11,"111":4,"112":11,"113":1},"f":{"0":11,"1":2,"2":4,"3":4,"4":0,"5":8,"6":0,"7":0,"8":0,"9":4,"10":12,"11":1,"12":1,"13":4,"14":0,"15":0,"16":0,"17":4,"18":12,"19":4,"20":4},"b":{"0":[0],"1":[0],"2":[0],"3":[0],"4":[0],"5":[0],"6":[0],"7":[0],"8":[0,0],"9":[0],"10":[0],"11":[0],"12":[0,0,0],"13":[4,4],"14":[0],"15":[0],"16":[0,1],"17":[1,1],"18":[0],"19":[4,4]}}
}
