TN:
SF:src/env.ts
FNF:0
FNH:0
DA:1,1
LF:1
LH:1
BRF:0
BRH:0
end_of_record
TN:
SF:src/context/Web3Context.tsx
FN:24,(anonymous_2)
FN:27,(anonymous_3)
FN:62,(anonymous_4)
FNF:3
FNH:2
FNDA:0,(anonymous_2)
FNDA:4,(anonymous_3)
FNDA:6,(anonymous_4)
DA:1,1
DA:3,1
DA:11,1
DA:19,1
DA:24,0
DA:27,1
DA:30,4
DA:31,8
DA:33,4
DA:35,4
DA:44,0
DA:49,0
DA:54,0
DA:56,0
DA:58,0
DA:62,6
DA:63,6
DA:65,6
LF:18
LH:12
BRDA:33,0,0,4
BRDA:33,0,1,0
BRDA:33,0,2,0
BRDA:33,0,3,0
BRDA:33,0,4,0
BRDA:33,0,5,0
BRF:6
BRH:1
end_of_record
TN:
SF:src/enum/enums.ts
FN:1,(anonymous_0)
FN:11,(anonymous_1)
FN:17,(anonymous_2)
FNF:3
FNH:3
FNDA:1,(anonymous_0)
FNDA:1,(anonymous_1)
FNDA:1,(anonymous_2)
DA:1,1
DA:2,1
DA:3,1
DA:4,1
DA:5,1
DA:6,1
DA:9,1
DA:11,1
DA:12,1
DA:13,1
DA:14,1
DA:17,1
DA:18,1
DA:19,1
DA:20,1
LF:15
LH:15
BRDA:1,0,0,1
BRDA:1,0,1,1
BRDA:11,1,0,1
BRDA:11,1,1,1
BRDA:17,2,0,1
BRDA:17,2,1,1
BRF:6
BRH:6
end_of_record
TN:
SF:src/hoc/index.ts
FN:1,(anonymous_1)
FNF:1
FNH:1
FNDA:1,(anonymous_1)
DA:1,2
LF:1
LH:1
BRF:0
BRH:0
end_of_record
TN:
SF:src/hoc/withWeb3.tsx
FN:6,(anonymous_3)
FN:7,(anonymous_4)
FNF:2
FNH:2
FNDA:1,(anonymous_3)
FNDA:1,(anonymous_4)
DA:3,1
DA:6,1
DA:7,1
DA:8,1
DA:9,1
DA:11,1
DA:12,1
DA:14,1
DA:33,1
LF:9
LH:9
BRDA:11,0,0,1
BRDA:11,0,1,1
BRDA:11,0,2,0
BRF:3
BRH:2
end_of_record
TN:
SF:src/hooks/index.ts
FN:1,(anonymous_1)
FNF:1
FNH:1
FNDA:10,(anonymous_1)
DA:1,11
LF:1
LH:1
BRF:0
BRH:0
end_of_record
TN:
SF:src/hooks/useWeb3.ts
FN:9,(anonymous_14)
FN:14,(anonymous_15)
FN:15,(anonymous_16)
FN:29,(anonymous_19)
FN:42,(anonymous_22)
FN:60,(anonymous_25)
FN:81,(anonymous_28)
FN:81,(anonymous_29)
FN:130,(anonymous_31)
FN:138,(anonymous_32)
FN:138,(anonymous_33)
FN:145,(anonymous_35)
FN:145,(anonymous_36)
FN:162,(anonymous_38)
FN:163,(anonymous_39)
FN:167,(anonymous_40)
FN:178,(anonymous_43)
FN:189,(anonymous_44)
FN:189,(anonymous_45)
FN:196,(anonymous_47)
FN:207,(anonymous_48)
FNF:21
FNH:14
FNDA:11,(anonymous_14)
FNDA:2,(anonymous_15)
FNDA:4,(anonymous_16)
FNDA:4,(anonymous_19)
FNDA:0,(anonymous_22)
FNDA:8,(anonymous_25)
FNDA:0,(anonymous_28)
FNDA:0,(anonymous_29)
FNDA:0,(anonymous_31)
FNDA:4,(anonymous_32)
FNDA:12,(anonymous_33)
FNDA:1,(anonymous_35)
FNDA:1,(anonymous_36)
FNDA:4,(anonymous_38)
FNDA:0,(anonymous_39)
FNDA:0,(anonymous_40)
FNDA:0,(anonymous_43)
FNDA:4,(anonymous_44)
FNDA:12,(anonymous_45)
FNDA:4,(anonymous_47)
FNDA:4,(anonymous_48)
DA:1,1
DA:2,1
DA:3,1
DA:4,1
DA:5,1
DA:6,1
DA:9,1
DA:10,11
DA:11,55
DA:12,11
DA:14,11
DA:15,4
DA:16,2
DA:17,4
DA:18,2
DA:20,0
DA:23,2
DA:29,13
DA:30,2
DA:31,4
DA:32,4
DA:33,2
DA:35,0
DA:42,11
DA:43,0
DA:44,0
DA:45,0
DA:48,0
DA:49,0
DA:52,0
DA:60,15
DA:61,4
DA:62,4
DA:63,4
DA:64,4
DA:65,4
DA:67,4
DA:68,0
DA:69,0
DA:70,0
DA:73,4
DA:74,4
DA:81,11
DA:82,0
DA:86,0
DA:87,0
DA:88,0
DA:89,0
DA:90,0
DA:92,0
DA:94,0
DA:95,0
DA:97,0
DA:101,0
DA:103,0
DA:104,0
DA:106,0
DA:110,0
DA:111,0
DA:112,0
DA:115,0
DA:116,0
DA:117,0
DA:118,0
DA:121,0
DA:122,0
DA:130,11
DA:131,0
DA:138,11
DA:145,11
DA:146,1
DA:147,0
DA:149,1
DA:150,0
DA:153,1
DA:154,1
DA:162,11
DA:163,4
DA:164,0
DA:167,4
DA:168,0
DA:169,0
DA:170,0
DA:171,0
DA:172,0
DA:175,0
DA:178,4
DA:179,0
DA:180,0
DA:189,11
DA:196,11
DA:207,11
DA:215,4
DA:220,11
DA:232,1
LF:95
LH:49
BRDA:20,0,0,0
BRDA:16,1,0,0
BRDA:35,2,0,0
BRDA:30,3,0,0
BRDA:43,4,0,0
BRDA:48,5,0,0
BRDA:67,6,0,0
BRDA:92,7,0,0
BRDA:92,8,0,0
BRDA:92,8,1,0
BRDA:101,9,0,0
BRDA:110,10,0,0
BRDA:115,11,0,0
BRDA:131,12,0,0
BRDA:131,12,1,0
BRDA:131,12,2,0
BRDA:138,13,0,4
BRDA:138,13,1,4
BRDA:146,14,0,0
BRDA:149,15,0,0
BRDA:153,16,0,0
BRDA:153,16,1,1
BRDA:153,17,0,1
BRDA:153,17,1,1
BRDA:170,18,0,0
BRDA:189,19,0,4
BRDA:189,19,1,4
BRF:27
BRH:7
end_of_record
